[ 2017-10-09T15:41:26+08:00 ] ::1 /pay/
INFO: [ app_init ] --START--
INFO: Run Behavior\BuildLiteBehavior [ RunTime:0.000093s ]
INFO: [ app_init ] --END-- [ RunTime:0.000212s ]
INFO: [ app_begin ] --START--
INFO: Run Behavior\ReadHtmlCacheBehavior [ RunTime:0.000808s ]
INFO: [ app_begin ] --END-- [ RunTime:0.000866s ]
INFO: [ view_parse ] --START--
INFO: [ template_filter ] --START--
INFO: Run Behavior\ContentReplaceBehavior [ RunTime:0.000065s ]
INFO: [ template_filter ] --END-- [ RunTime:0.000152s ]
INFO: Run Behavior\ParseTemplateBehavior [ RunTime:0.017835s ]
INFO: [ view_parse ] --END-- [ RunTime:0.017890s ]
INFO: [ view_filter ] --START--
INFO: Run Behavior\WriteHtmlCacheBehavior [ RunTime:0.000377s ]
INFO: [ view_filter ] --END-- [ RunTime:0.000417s ]
INFO: [ app_end ] --START--
INFO: Run Behavior\ShowPageTraceBehavior [ RunTime:0.000757s ]
INFO: [ app_end ] --END-- [ RunTime:0.000800s ]

[ 2017-10-09T15:41:53+08:00 ] ::1 /pay/
INFO: [ app_init ] --START--
INFO: Run Behavior\BuildLiteBehavior [ RunTime:0.000038s ]
INFO: [ app_init ] --END-- [ RunTime:0.001861s ]
INFO: [ app_begin ] --START--
INFO: Run Behavior\ReadHtmlCacheBehavior [ RunTime:0.001025s ]
INFO: [ app_begin ] --END-- [ RunTime:0.001091s ]
INFO: [ app_end ] --START--
INFO: Run Behavior\ShowPageTraceBehavior [ RunTime:0.000660s ]
INFO: [ app_end ] --END-- [ RunTime:0.000728s ]

[ 2017-10-09T15:42:24+08:00 ] ::1 /pay/
INFO: [ app_init ] --START--
INFO: Run Behavior\BuildLiteBehavior [ RunTime:0.000023s ]
INFO: [ app_init ] --END-- [ RunTime:0.000443s ]
INFO: [ app_begin ] --START--
INFO: Run Behavior\ReadHtmlCacheBehavior [ RunTime:0.000978s ]
INFO: [ app_begin ] --END-- [ RunTime:0.001035s ]
ERR: 模板不存在:./Application/Home/View/Index/这是支付页面.html

[ 2017-10-09T15:43:02+08:00 ] ::1 /pay/
INFO: [ app_init ] --START--
INFO: Run Behavior\BuildLiteBehavior [ RunTime:0.000011s ]
INFO: [ app_init ] --END-- [ RunTime:0.000358s ]
INFO: [ app_begin ] --START--
INFO: Run Behavior\ReadHtmlCacheBehavior [ RunTime:0.000493s ]
INFO: [ app_begin ] --END-- [ RunTime:0.000525s ]
INFO: [ view_parse ] --START--
INFO: [ template_filter ] --START--
INFO: Run Behavior\ContentReplaceBehavior [ RunTime:0.000026s ]
INFO: [ template_filter ] --END-- [ RunTime:0.000066s ]
INFO: Run Behavior\ParseTemplateBehavior [ RunTime:0.005221s ]
INFO: [ view_parse ] --END-- [ RunTime:0.005253s ]
INFO: [ view_filter ] --START--
INFO: Run Behavior\WriteHtmlCacheBehavior [ RunTime:0.000163s ]
INFO: [ view_filter ] --END-- [ RunTime:0.000186s ]
INFO: [ app_end ] --START--
INFO: Run Behavior\ShowPageTraceBehavior [ RunTime:0.000472s ]
INFO: [ app_end ] --END-- [ RunTime:0.000499s ]

[ 2017-10-09T15:43:13+08:00 ] ::1 /pay/
INFO: [ app_init ] --START--
INFO: Run Behavior\BuildLiteBehavior [ RunTime:0.000042s ]
INFO: [ app_init ] --END-- [ RunTime:0.000515s ]
INFO: [ app_begin ] --START--
INFO: Run Behavior\ReadHtmlCacheBehavior [ RunTime:0.000555s ]
INFO: [ app_begin ] --END-- [ RunTime:0.000599s ]
INFO: [ view_parse ] --START--
INFO: Run Behavior\ParseTemplateBehavior [ RunTime:0.000350s ]
INFO: [ view_parse ] --END-- [ RunTime:0.000402s ]
INFO: [ view_filter ] --START--
INFO: Run Behavior\WriteHtmlCacheBehavior [ RunTime:0.000231s ]
INFO: [ view_filter ] --END-- [ RunTime:0.000259s ]
INFO: [ app_end ] --START--
INFO: Run Behavior\ShowPageTraceBehavior [ RunTime:0.000465s ]
INFO: [ app_end ] --END-- [ RunTime:0.000493s ]

[ 2017-10-09T15:43:15+08:00 ] ::1 /pay/
INFO: [ app_init ] --START--
INFO: Run Behavior\BuildLiteBehavior [ RunTime:0.000013s ]
INFO: [ app_init ] --END-- [ RunTime:0.000337s ]
INFO: [ app_begin ] --START--
INFO: Run Behavior\ReadHtmlCacheBehavior [ RunTime:0.000478s ]
INFO: [ app_begin ] --END-- [ RunTime:0.000536s ]
INFO: [ view_parse ] --START--
INFO: Run Behavior\ParseTemplateBehavior [ RunTime:0.000127s ]
INFO: [ view_parse ] --END-- [ RunTime:0.000163s ]
INFO: [ view_filter ] --START--
INFO: Run Behavior\WriteHtmlCacheBehavior [ RunTime:0.000137s ]
INFO: [ view_filter ] --END-- [ RunTime:0.000162s ]
INFO: [ app_end ] --START--
INFO: Run Behavior\ShowPageTraceBehavior [ RunTime:0.000543s ]
INFO: [ app_end ] --END-- [ RunTime:0.000576s ]

[ 2017-10-09T15:43:17+08:00 ] ::1 /pay/
INFO: [ app_init ] --START--
INFO: Run Behavior\BuildLiteBehavior [ RunTime:0.000011s ]
INFO: [ app_init ] --END-- [ RunTime:0.000272s ]
INFO: [ app_begin ] --START--
INFO: Run Behavior\ReadHtmlCacheBehavior [ RunTime:0.000358s ]
INFO: [ app_begin ] --END-- [ RunTime:0.000385s ]
INFO: [ view_parse ] --START--
INFO: Run Behavior\ParseTemplateBehavior [ RunTime:0.000103s ]
INFO: [ view_parse ] --END-- [ RunTime:0.000127s ]
INFO: [ view_filter ] --START--
INFO: Run Behavior\WriteHtmlCacheBehavior [ RunTime:0.000109s ]
INFO: [ view_filter ] --END-- [ RunTime:0.000129s ]
INFO: [ app_end ] --START--
INFO: Run Behavior\ShowPageTraceBehavior [ RunTime:0.000386s ]
INFO: [ app_end ] --END-- [ RunTime:0.000409s ]

[ 2017-10-09T15:54:28+08:00 ] ::1 /pay/
INFO: [ app_init ] --START--
INFO: Run Behavior\BuildLiteBehavior [ RunTime:0.000023s ]
INFO: [ app_init ] --END-- [ RunTime:0.002926s ]
INFO: [ app_begin ] --START--
INFO: Run Behavior\ReadHtmlCacheBehavior [ RunTime:0.001822s ]
INFO: [ app_begin ] --END-- [ RunTime:0.001976s ]
INFO: [ view_parse ] --START--
INFO: [ template_filter ] --START--
INFO: Run Behavior\ContentReplaceBehavior [ RunTime:0.000090s ]
INFO: [ template_filter ] --END-- [ RunTime:0.000289s ]
INFO: Run Behavior\ParseTemplateBehavior [ RunTime:0.024274s ]
INFO: [ view_parse ] --END-- [ RunTime:0.024352s ]
INFO: [ view_filter ] --START--
INFO: Run Behavior\WriteHtmlCacheBehavior [ RunTime:0.000608s ]
INFO: [ view_filter ] --END-- [ RunTime:0.000662s ]
INFO: [ app_end ] --START--
INFO: Run Behavior\ShowPageTraceBehavior [ RunTime:0.001918s ]
INFO: [ app_end ] --END-- [ RunTime:0.001985s ]

[ 2017-10-09T15:55:09+08:00 ] ::1 /pay/
INFO: [ app_init ] --START--
INFO: Run Behavior\BuildLiteBehavior [ RunTime:0.000211s ]
INFO: [ app_init ] --END-- [ RunTime:0.002012s ]
INFO: [ app_begin ] --START--
INFO: Run Behavior\ReadHtmlCacheBehavior [ RunTime:0.001307s ]
INFO: [ app_begin ] --END-- [ RunTime:0.001443s ]
INFO: [ view_parse ] --START--
INFO: [ template_filter ] --START--
INFO: Run Behavior\ContentReplaceBehavior [ RunTime:0.000328s ]
INFO: [ template_filter ] --END-- [ RunTime:0.000470s ]
INFO: Run Behavior\ParseTemplateBehavior [ RunTime:0.025961s ]
INFO: [ view_parse ] --END-- [ RunTime:0.026176s ]
INFO: [ view_filter ] --START--
INFO: Run Behavior\WriteHtmlCacheBehavior [ RunTime:0.001003s ]
INFO: [ view_filter ] --END-- [ RunTime:0.001135s ]
INFO: [ app_end ] --START--
INFO: Run Behavior\ShowPageTraceBehavior [ RunTime:0.001153s ]
INFO: [ app_end ] --END-- [ RunTime:0.001278s ]

[ 2017-10-09T15:55:19+08:00 ] ::1 /pay/
INFO: [ app_init ] --START--
INFO: Run Behavior\BuildLiteBehavior [ RunTime:0.000015s ]
INFO: [ app_init ] --END-- [ RunTime:0.000380s ]
INFO: [ app_begin ] --START--
INFO: Run Behavior\ReadHtmlCacheBehavior [ RunTime:0.000518s ]
INFO: [ app_begin ] --END-- [ RunTime:0.000552s ]
INFO: [ view_parse ] --START--
INFO: [ template_filter ] --START--
INFO: Run Behavior\ContentReplaceBehavior [ RunTime:0.000030s ]
INFO: [ template_filter ] --END-- [ RunTime:0.000073s ]
INFO: Run Behavior\ParseTemplateBehavior [ RunTime:0.006282s ]
INFO: [ view_parse ] --END-- [ RunTime:0.006317s ]
INFO: [ view_filter ] --START--
INFO: Run Behavior\WriteHtmlCacheBehavior [ RunTime:0.000154s ]
INFO: [ view_filter ] --END-- [ RunTime:0.000178s ]
INFO: [ app_end ] --START--
INFO: Run Behavior\ShowPageTraceBehavior [ RunTime:0.000589s ]
INFO: [ app_end ] --END-- [ RunTime:0.000626s ]

[ 2017-10-09T15:55:20+08:00 ] ::1 /pay/
INFO: [ app_init ] --START--
INFO: Run Behavior\BuildLiteBehavior [ RunTime:0.000012s ]
INFO: [ app_init ] --END-- [ RunTime:0.000318s ]
INFO: [ app_begin ] --START--
INFO: Run Behavior\ReadHtmlCacheBehavior [ RunTime:0.001130s ]
INFO: [ app_begin ] --END-- [ RunTime:0.001240s ]
INFO: [ view_parse ] --START--
INFO: [ template_filter ] --START--
INFO: Run Behavior\ContentReplaceBehavior [ RunTime:0.000026s ]
INFO: [ template_filter ] --END-- [ RunTime:0.000069s ]
INFO: Run Behavior\ParseTemplateBehavior [ RunTime:0.005361s ]
INFO: [ view_parse ] --END-- [ RunTime:0.005409s ]
INFO: [ view_filter ] --START--
INFO: Run Behavior\WriteHtmlCacheBehavior [ RunTime:0.000172s ]
INFO: [ view_filter ] --END-- [ RunTime:0.000233s ]
INFO: [ app_end ] --START--
INFO: Run Behavior\ShowPageTraceBehavior [ RunTime:0.000990s ]
INFO: [ app_end ] --END-- [ RunTime:0.001035s ]

[ 2017-10-09T15:56:25+08:00 ] ::1 /pay/
INFO: [ app_init ] --START--
INFO: Run Behavior\BuildLiteBehavior [ RunTime:0.000017s ]
INFO: [ app_init ] --END-- [ RunTime:0.000959s ]
INFO: [ app_begin ] --START--
INFO: Run Behavior\ReadHtmlCacheBehavior [ RunTime:0.000958s ]
INFO: [ app_begin ] --END-- [ RunTime:0.001058s ]
INFO: [ view_parse ] --START--
INFO: [ template_filter ] --START--
INFO: Run Behavior\ContentReplaceBehavior [ RunTime:0.000045s ]
INFO: [ template_filter ] --END-- [ RunTime:0.000090s ]
INFO: Run Behavior\ParseTemplateBehavior [ RunTime:0.008585s ]
INFO: [ view_parse ] --END-- [ RunTime:0.008624s ]
INFO: [ view_filter ] --START--
INFO: Run Behavior\WriteHtmlCacheBehavior [ RunTime:0.000528s ]
INFO: [ view_filter ] --END-- [ RunTime:0.000570s ]
INFO: [ app_end ] --START--
INFO: Run Behavior\ShowPageTraceBehavior [ RunTime:0.000770s ]
INFO: [ app_end ] --END-- [ RunTime:0.000807s ]

[ 2017-10-09T16:02:12+08:00 ] ::1 /pay/
INFO: [ app_init ] --START--
INFO: Run Behavior\BuildLiteBehavior [ RunTime:0.000022s ]
INFO: [ app_init ] --END-- [ RunTime:0.000652s ]
INFO: [ app_begin ] --START--
INFO: Run Behavior\ReadHtmlCacheBehavior [ RunTime:0.000803s ]
INFO: [ app_begin ] --END-- [ RunTime:0.000848s ]
INFO: [ view_parse ] --START--
INFO: [ template_filter ] --START--
INFO: Run Behavior\ContentReplaceBehavior [ RunTime:0.000056s ]
INFO: [ template_filter ] --END-- [ RunTime:0.000099s ]
INFO: Run Behavior\ParseTemplateBehavior [ RunTime:0.012173s ]
INFO: [ view_parse ] --END-- [ RunTime:0.012208s ]
INFO: [ view_filter ] --START--
INFO: Run Behavior\WriteHtmlCacheBehavior [ RunTime:0.000436s ]
INFO: [ view_filter ] --END-- [ RunTime:0.000474s ]
INFO: [ app_end ] --START--
INFO: Run Behavior\ShowPageTraceBehavior [ RunTime:0.000952s ]
INFO: [ app_end ] --END-- [ RunTime:0.000998s ]

[ 2017-10-09T16:04:42+08:00 ] ::1 /pay/
INFO: [ app_init ] --START--
INFO: Run Behavior\BuildLiteBehavior [ RunTime:0.000022s ]
INFO: [ app_init ] --END-- [ RunTime:0.000644s ]
INFO: [ app_begin ] --START--
INFO: Run Behavior\ReadHtmlCacheBehavior [ RunTime:0.000559s ]
INFO: [ app_begin ] --END-- [ RunTime:0.000601s ]
INFO: [ view_parse ] --START--
INFO: [ template_filter ] --START--
INFO: Run Behavior\ContentReplaceBehavior [ RunTime:0.000026s ]
INFO: [ template_filter ] --END-- [ RunTime:0.000065s ]
INFO: Run Behavior\ParseTemplateBehavior [ RunTime:0.005314s ]
INFO: [ view_parse ] --END-- [ RunTime:0.005361s ]
INFO: [ view_filter ] --START--
INFO: Run Behavior\WriteHtmlCacheBehavior [ RunTime:0.000189s ]
INFO: [ view_filter ] --END-- [ RunTime:0.000217s ]
INFO: [ app_end ] --START--
INFO: Run Behavior\ShowPageTraceBehavior [ RunTime:0.000508s ]
INFO: [ app_end ] --END-- [ RunTime:0.000535s ]

[ 2017-10-09T16:12:12+08:00 ] ::1 /pay/
INFO: [ app_init ] --START--
INFO: Run Behavior\BuildLiteBehavior [ RunTime:0.000071s ]
INFO: [ app_init ] --END-- [ RunTime:0.001243s ]
INFO: [ app_begin ] --START--
INFO: Run Behavior\ReadHtmlCacheBehavior [ RunTime:0.000817s ]
INFO: [ app_begin ] --END-- [ RunTime:0.000905s ]
ERR: Too few arguments to function Home\Controller\IndexController::__construct(), 0 passed in /Applications/MAMP/htdocs/pay/ThinkPHP/Common/functions.php on line 681 and exactly 4 expected

[ 2017-10-09T16:12:17+08:00 ] ::1 /pay/
INFO: [ app_init ] --START--
INFO: Run Behavior\BuildLiteBehavior [ RunTime:0.000024s ]
INFO: [ app_init ] --END-- [ RunTime:0.000514s ]
INFO: [ app_begin ] --START--
INFO: Run Behavior\ReadHtmlCacheBehavior [ RunTime:0.000749s ]
INFO: [ app_begin ] --END-- [ RunTime:0.000818s ]
ERR: Too few arguments to function Home\Controller\IndexController::__construct(), 0 passed in /Applications/MAMP/htdocs/pay/ThinkPHP/Common/functions.php on line 681 and exactly 4 expected

[ 2017-10-09T16:15:32+08:00 ] ::1 /pay/
INFO: [ app_init ] --START--
INFO: Run Behavior\BuildLiteBehavior [ RunTime:0.000016s ]
INFO: [ app_init ] --END-- [ RunTime:0.000715s ]
INFO: [ app_begin ] --START--
INFO: Run Behavior\ReadHtmlCacheBehavior [ RunTime:0.000812s ]
INFO: [ app_begin ] --END-- [ RunTime:0.000869s ]
ERR: Too few arguments to function Home\Controller\IndexController::__construct(), 0 passed in /Applications/MAMP/htdocs/pay/ThinkPHP/Common/functions.php on line 681 and exactly 4 expected

[ 2017-10-09T16:15:43+08:00 ] ::1 /pay/index.php/Home/Index/index
INFO: [ app_init ] --START--
INFO: Run Behavior\BuildLiteBehavior [ RunTime:0.000015s ]
INFO: [ app_init ] --END-- [ RunTime:0.000339s ]
INFO: [ app_begin ] --START--
INFO: Run Behavior\ReadHtmlCacheBehavior [ RunTime:0.000430s ]
INFO: [ app_begin ] --END-- [ RunTime:0.000463s ]
ERR: Too few arguments to function Home\Controller\IndexController::__construct(), 0 passed in /Applications/MAMP/htdocs/pay/ThinkPHP/Common/functions.php on line 681 and exactly 4 expected

[ 2017-10-09T16:17:38+08:00 ] ::1 /pay/index.php/Home/Index/index
INFO: [ app_init ] --START--
INFO: Run Behavior\BuildLiteBehavior [ RunTime:0.000014s ]
INFO: [ app_init ] --END-- [ RunTime:0.000334s ]
INFO: [ app_begin ] --START--
INFO: Run Behavior\ReadHtmlCacheBehavior [ RunTime:0.000439s ]
INFO: [ app_begin ] --END-- [ RunTime:0.000473s ]
INFO: [ view_parse ] --START--
INFO: [ template_filter ] --START--
INFO: Run Behavior\ContentReplaceBehavior [ RunTime:0.000397s ]
INFO: [ template_filter ] --END-- [ RunTime:0.000455s ]
NOTIC: [8] Undefined variable: jsApiParameters /Applications/MAMP/htdocs/pay/Application/Runtime/Cache/Home/2a94b8bda04ff446dcedd42276fc99ee.php 第 11 行.
INFO: Run Behavior\ParseTemplateBehavior [ RunTime:0.008597s ]
INFO: [ view_parse ] --END-- [ RunTime:0.008628s ]
INFO: [ view_filter ] --START--
INFO: Run Behavior\WriteHtmlCacheBehavior [ RunTime:0.000469s ]
INFO: [ view_filter ] --END-- [ RunTime:0.000504s ]
INFO: [ app_end ] --START--
INFO: Run Behavior\ShowPageTraceBehavior [ RunTime:0.000898s ]
INFO: [ app_end ] --END-- [ RunTime:0.000935s ]

[ 2017-10-09T16:17:40+08:00 ] ::1 /pay/index.php/Home/Index/index
INFO: [ app_init ] --START--
INFO: Run Behavior\BuildLiteBehavior [ RunTime:0.000011s ]
INFO: [ app_init ] --END-- [ RunTime:0.000327s ]
INFO: [ app_begin ] --START--
INFO: Run Behavior\ReadHtmlCacheBehavior [ RunTime:0.000432s ]
INFO: [ app_begin ] --END-- [ RunTime:0.000464s ]
INFO: [ view_parse ] --START--
INFO: [ template_filter ] --START--
INFO: Run Behavior\ContentReplaceBehavior [ RunTime:0.000025s ]
INFO: [ template_filter ] --END-- [ RunTime:0.000063s ]
NOTIC: [8] Undefined variable: jsApiParameters /Applications/MAMP/htdocs/pay/Application/Runtime/Cache/Home/2a94b8bda04ff446dcedd42276fc99ee.php 第 11 行.
INFO: Run Behavior\ParseTemplateBehavior [ RunTime:0.005715s ]
INFO: [ view_parse ] --END-- [ RunTime:0.005743s ]
INFO: [ view_filter ] --START--
INFO: Run Behavior\WriteHtmlCacheBehavior [ RunTime:0.000140s ]
INFO: [ view_filter ] --END-- [ RunTime:0.000165s ]
INFO: [ app_end ] --START--
INFO: Run Behavior\ShowPageTraceBehavior [ RunTime:0.000475s ]
INFO: [ app_end ] --END-- [ RunTime:0.000502s ]

[ 2017-10-09T16:17:42+08:00 ] ::1 /pay/index.php/Home/Index/index
INFO: [ app_init ] --START--
INFO: Run Behavior\BuildLiteBehavior [ RunTime:0.000012s ]
INFO: [ app_init ] --END-- [ RunTime:0.000330s ]
INFO: [ app_begin ] --START--
INFO: Run Behavior\ReadHtmlCacheBehavior [ RunTime:0.000444s ]
INFO: [ app_begin ] --END-- [ RunTime:0.000490s ]
INFO: [ view_parse ] --START--
INFO: [ template_filter ] --START--
INFO: Run Behavior\ContentReplaceBehavior [ RunTime:0.000024s ]
INFO: [ template_filter ] --END-- [ RunTime:0.000062s ]
NOTIC: [8] Undefined variable: jsApiParameters /Applications/MAMP/htdocs/pay/Application/Runtime/Cache/Home/2a94b8bda04ff446dcedd42276fc99ee.php 第 11 行.
INFO: Run Behavior\ParseTemplateBehavior [ RunTime:0.004701s ]
INFO: [ view_parse ] --END-- [ RunTime:0.004730s ]
INFO: [ view_filter ] --START--
INFO: Run Behavior\WriteHtmlCacheBehavior [ RunTime:0.000143s ]
INFO: [ view_filter ] --END-- [ RunTime:0.000167s ]
INFO: [ app_end ] --START--
INFO: Run Behavior\ShowPageTraceBehavior [ RunTime:0.000475s ]
INFO: [ app_end ] --END-- [ RunTime:0.000503s ]

[ 2017-10-09T16:23:06+08:00 ] ::1 /pay/index.php/Home/Index/index
INFO: [ app_init ] --START--
INFO: Run Behavior\BuildLiteBehavior [ RunTime:0.000012s ]
INFO: [ app_init ] --END-- [ RunTime:0.000320s ]
INFO: [ app_begin ] --START--
INFO: Run Behavior\ReadHtmlCacheBehavior [ RunTime:0.000453s ]
INFO: [ app_begin ] --END-- [ RunTime:0.000492s ]
INFO: [ view_parse ] --START--
INFO: [ template_filter ] --START--
INFO: Run Behavior\ContentReplaceBehavior [ RunTime:0.000037s ]
INFO: [ template_filter ] --END-- [ RunTime:0.000082s ]
NOTIC: [8] Undefined variable: jsApiParameters /Applications/MAMP/htdocs/pay/Application/Runtime/Cache/Home/2a94b8bda04ff446dcedd42276fc99ee.php 第 11 行.
INFO: Run Behavior\ParseTemplateBehavior [ RunTime:0.005971s ]
INFO: [ view_parse ] --END-- [ RunTime:0.006004s ]
INFO: [ view_filter ] --START--
INFO: Run Behavior\WriteHtmlCacheBehavior [ RunTime:0.000159s ]
INFO: [ view_filter ] --END-- [ RunTime:0.000184s ]
INFO: [ app_end ] --START--
INFO: Run Behavior\ShowPageTraceBehavior [ RunTime:0.000495s ]
INFO: [ app_end ] --END-- [ RunTime:0.000523s ]

[ 2017-10-09T16:23:19+08:00 ] ::1 /pay/index.php/Home/Index/index
INFO: [ app_init ] --START--
INFO: Run Behavior\BuildLiteBehavior [ RunTime:0.000017s ]
INFO: [ app_init ] --END-- [ RunTime:0.000584s ]
INFO: [ app_begin ] --START--
INFO: Run Behavior\ReadHtmlCacheBehavior [ RunTime:0.000460s ]
INFO: [ app_begin ] --END-- [ RunTime:0.000500s ]
INFO: [ view_parse ] --START--
INFO: [ template_filter ] --START--
INFO: Run Behavior\ContentReplaceBehavior [ RunTime:0.000044s ]
INFO: [ template_filter ] --END-- [ RunTime:0.000093s ]
INFO: Run Behavior\ParseTemplateBehavior [ RunTime:0.007942s ]
INFO: [ view_parse ] --END-- [ RunTime:0.008011s ]
INFO: [ view_filter ] --START--
INFO: Run Behavior\WriteHtmlCacheBehavior [ RunTime:0.000307s ]
INFO: [ view_filter ] --END-- [ RunTime:0.000364s ]
INFO: [ app_end ] --START--
INFO: Run Behavior\ShowPageTraceBehavior [ RunTime:0.000690s ]
INFO: [ app_end ] --END-- [ RunTime:0.000730s ]

[ 2017-10-09T16:23:25+08:00 ] ::1 /pay/index.php/Home/Index/makeOrder
INFO: [ app_init ] --START--
INFO: Run Behavior\BuildLiteBehavior [ RunTime:0.000012s ]
INFO: [ app_init ] --END-- [ RunTime:0.000335s ]
INFO: [ app_begin ] --START--
INFO: Run Behavior\ReadHtmlCacheBehavior [ RunTime:0.000432s ]
INFO: [ app_begin ] --END-- [ RunTime:0.000465s ]
ERR: Class 'wechatAppPay' not found

[ 2017-10-09T16:24:53+08:00 ] ::1 /pay/index.php/Home/Index/makeOrder
INFO: [ app_init ] --START--
INFO: Run Behavior\BuildLiteBehavior [ RunTime:0.000024s ]
INFO: [ app_init ] --END-- [ RunTime:0.000452s ]
INFO: [ app_begin ] --START--
INFO: Run Behavior\ReadHtmlCacheBehavior [ RunTime:0.000680s ]
INFO: [ app_begin ] --END-- [ RunTime:0.000722s ]
ERR: Class 'Weixin' not found

[ 2017-10-09T16:26:19+08:00 ] ::1 /pay/index.php/Home/Index/makeOrder
INFO: [ app_init ] --START--
INFO: Run Behavior\BuildLiteBehavior [ RunTime:0.000047s ]
INFO: [ app_init ] --END-- [ RunTime:0.000791s ]
INFO: [ app_begin ] --START--
INFO: Run Behavior\ReadHtmlCacheBehavior [ RunTime:0.000824s ]
INFO: [ app_begin ] --END-- [ RunTime:0.000898s ]
ERR: Class 'Home\Weixin' not found

[ 2017-10-09T16:26:21+08:00 ] ::1 /pay/index.php/Home/Index/makeOrder
INFO: [ app_init ] --START--
INFO: Run Behavior\BuildLiteBehavior [ RunTime:0.000027s ]
INFO: [ app_init ] --END-- [ RunTime:0.000345s ]
INFO: [ app_begin ] --START--
INFO: Run Behavior\ReadHtmlCacheBehavior [ RunTime:0.000430s ]
INFO: [ app_begin ] --END-- [ RunTime:0.000463s ]
ERR: Class 'Home\Weixin' not found

[ 2017-10-09T16:26:22+08:00 ] ::1 /pay/index.php/Home/Index/makeOrder
INFO: [ app_init ] --START--
INFO: Run Behavior\BuildLiteBehavior [ RunTime:0.000019s ]
INFO: [ app_init ] --END-- [ RunTime:0.000495s ]
INFO: [ app_begin ] --START--
INFO: Run Behavior\ReadHtmlCacheBehavior [ RunTime:0.000868s ]
INFO: [ app_begin ] --END-- [ RunTime:0.000938s ]
ERR: Class 'Home\Weixin' not found

[ 2017-10-09T16:28:51+08:00 ] ::1 /pay/index.php/Home/Index/makeOrder
INFO: [ app_init ] --START--
INFO: Run Behavior\BuildLiteBehavior [ RunTime:0.000036s ]
INFO: [ app_init ] --END-- [ RunTime:0.002598s ]
INFO: [ app_begin ] --START--
INFO: Run Behavior\ReadHtmlCacheBehavior [ RunTime:0.000687s ]
INFO: [ app_begin ] --END-- [ RunTime:0.000747s ]
ERR: Call to a member function assign() on null

[ 2017-10-09T16:28:52+08:00 ] ::1 /pay/index.php/Home/Index/makeOrder
INFO: [ app_init ] --START--
INFO: Run Behavior\BuildLiteBehavior [ RunTime:0.000016s ]
INFO: [ app_init ] --END-- [ RunTime:0.000375s ]
INFO: [ app_begin ] --START--
INFO: Run Behavior\ReadHtmlCacheBehavior [ RunTime:0.000622s ]
INFO: [ app_begin ] --END-- [ RunTime:0.000664s ]
ERR: Call to a member function assign() on null

[ 2017-10-09T16:28:52+08:00 ] ::1 /pay/index.php/Home/Index/makeOrder
INFO: [ app_init ] --START--
INFO: Run Behavior\BuildLiteBehavior [ RunTime:0.000013s ]
INFO: [ app_init ] --END-- [ RunTime:0.000333s ]
INFO: [ app_begin ] --START--
INFO: Run Behavior\ReadHtmlCacheBehavior [ RunTime:0.000445s ]
INFO: [ app_begin ] --END-- [ RunTime:0.000478s ]
ERR: Call to a member function assign() on null

[ 2017-10-09T16:28:53+08:00 ] ::1 /pay/index.php/Home/Index/makeOrder
INFO: [ app_init ] --START--
INFO: Run Behavior\BuildLiteBehavior [ RunTime:0.000012s ]
INFO: [ app_init ] --END-- [ RunTime:0.000319s ]
INFO: [ app_begin ] --START--
INFO: Run Behavior\ReadHtmlCacheBehavior [ RunTime:0.000436s ]
INFO: [ app_begin ] --END-- [ RunTime:0.000470s ]
ERR: Call to a member function assign() on null

[ 2017-10-09T16:28:54+08:00 ] ::1 /pay/index.php/Home/Index/makeOrder
INFO: [ app_init ] --START--
INFO: Run Behavior\BuildLiteBehavior [ RunTime:0.000014s ]
INFO: [ app_init ] --END-- [ RunTime:0.000406s ]
INFO: [ app_begin ] --START--
INFO: Run Behavior\ReadHtmlCacheBehavior [ RunTime:0.000542s ]
INFO: [ app_begin ] --END-- [ RunTime:0.000587s ]
ERR: Call to a member function assign() on null

[ 2017-10-09T16:37:52+08:00 ] ::1 /pay/index.php/Home/Index/makeOrder
INFO: [ app_init ] --START--
INFO: Run Behavior\BuildLiteBehavior [ RunTime:0.000047s ]
INFO: [ app_init ] --END-- [ RunTime:0.000750s ]
INFO: [ app_begin ] --START--
INFO: Run Behavior\ReadHtmlCacheBehavior [ RunTime:0.000766s ]
INFO: [ app_begin ] --END-- [ RunTime:0.000803s ]
ERR: Call to a member function assign() on null

[ 2017-10-09T16:37:53+08:00 ] ::1 /pay/index.php/Home/Index/index
INFO: [ app_init ] --START--
INFO: Run Behavior\BuildLiteBehavior [ RunTime:0.000020s ]
INFO: [ app_init ] --END-- [ RunTime:0.001442s ]
INFO: [ app_begin ] --START--
INFO: Run Behavior\ReadHtmlCacheBehavior [ RunTime:0.000650s ]
INFO: [ app_begin ] --END-- [ RunTime:0.000718s ]
INFO: [ view_parse ] --START--
INFO: [ template_filter ] --START--
INFO: Run Behavior\ContentReplaceBehavior [ RunTime:0.000062s ]
INFO: [ template_filter ] --END-- [ RunTime:0.000189s ]
INFO: Run Behavior\ParseTemplateBehavior [ RunTime:0.008812s ]
INFO: [ view_parse ] --END-- [ RunTime:0.008849s ]
INFO: [ view_filter ] --START--
INFO: Run Behavior\WriteHtmlCacheBehavior [ RunTime:0.000501s ]
INFO: [ view_filter ] --END-- [ RunTime:0.000532s ]
INFO: [ app_end ] --START--
INFO: Run Behavior\ShowPageTraceBehavior [ RunTime:0.001497s ]
INFO: [ app_end ] --END-- [ RunTime:0.001544s ]

[ 2017-10-09T16:37:54+08:00 ] ::1 /pay/index.php/Home/Index/makeOrder
INFO: [ app_init ] --START--
INFO: Run Behavior\BuildLiteBehavior [ RunTime:0.000022s ]
INFO: [ app_init ] --END-- [ RunTime:0.000393s ]
INFO: [ app_begin ] --START--
INFO: Run Behavior\ReadHtmlCacheBehavior [ RunTime:0.000483s ]
INFO: [ app_begin ] --END-- [ RunTime:0.000520s ]
ERR: Call to a member function assign() on null

[ 2017-10-09T16:38:00+08:00 ] ::1 /pay/index.php/Home/Index/makeOrder
INFO: [ app_init ] --START--
INFO: Run Behavior\BuildLiteBehavior [ RunTime:0.000013s ]
INFO: [ app_init ] --END-- [ RunTime:0.000405s ]
INFO: [ app_begin ] --START--
INFO: Run Behavior\ReadHtmlCacheBehavior [ RunTime:0.000458s ]
INFO: [ app_begin ] --END-- [ RunTime:0.000495s ]
ERR: Call to a member function assign() on null

[ 2017-10-09T16:41:28+08:00 ] ::1 /pay/index.php/Home/Index/makeOrder
INFO: [ app_init ] --START--
INFO: Run Behavior\BuildLiteBehavior [ RunTime:0.000013s ]
INFO: [ app_init ] --END-- [ RunTime:0.000600s ]
INFO: [ app_begin ] --START--
INFO: Run Behavior\ReadHtmlCacheBehavior [ RunTime:0.000823s ]
INFO: [ app_begin ] --END-- [ RunTime:0.000907s ]
ERR: Class 'Home\WeixinController' not found

[ 2017-10-09T16:41:29+08:00 ] ::1 /pay/index.php/Home/Index/makeOrder
INFO: [ app_init ] --START--
INFO: Run Behavior\BuildLiteBehavior [ RunTime:0.000011s ]
INFO: [ app_init ] --END-- [ RunTime:0.000260s ]
INFO: [ app_begin ] --START--
INFO: Run Behavior\ReadHtmlCacheBehavior [ RunTime:0.000384s ]
INFO: [ app_begin ] --END-- [ RunTime:0.000411s ]
ERR: Class 'Home\WeixinController' not found

[ 2017-10-09T16:41:29+08:00 ] ::1 /pay/index.php/Home/Index/makeOrder
INFO: [ app_init ] --START--
INFO: Run Behavior\BuildLiteBehavior [ RunTime:0.000012s ]
INFO: [ app_init ] --END-- [ RunTime:0.000288s ]
INFO: [ app_begin ] --START--
INFO: Run Behavior\ReadHtmlCacheBehavior [ RunTime:0.000384s ]
INFO: [ app_begin ] --END-- [ RunTime:0.000414s ]
ERR: Class 'Home\WeixinController' not found

[ 2017-10-09T16:41:29+08:00 ] ::1 /pay/index.php/Home/Index/makeOrder
INFO: [ app_init ] --START--
INFO: Run Behavior\BuildLiteBehavior [ RunTime:0.000013s ]
INFO: [ app_init ] --END-- [ RunTime:0.000418s ]
INFO: [ app_begin ] --START--
INFO: Run Behavior\ReadHtmlCacheBehavior [ RunTime:0.000400s ]
INFO: [ app_begin ] --END-- [ RunTime:0.000430s ]
ERR: Class 'Home\WeixinController' not found

[ 2017-10-09T16:41:30+08:00 ] ::1 /pay/index.php/Home/Index/makeOrder
INFO: [ app_init ] --START--
INFO: Run Behavior\BuildLiteBehavior [ RunTime:0.000017s ]
INFO: [ app_init ] --END-- [ RunTime:0.000752s ]
INFO: [ app_begin ] --START--
INFO: Run Behavior\ReadHtmlCacheBehavior [ RunTime:0.000760s ]
INFO: [ app_begin ] --END-- [ RunTime:0.000807s ]
ERR: Class 'Home\WeixinController' not found

[ 2017-10-09T16:41:40+08:00 ] ::1 /pay/index.php/Home/Index/makeOrder
INFO: [ app_init ] --START--
INFO: Run Behavior\BuildLiteBehavior [ RunTime:0.000017s ]
INFO: [ app_init ] --END-- [ RunTime:0.000621s ]
INFO: [ app_begin ] --START--
INFO: Run Behavior\ReadHtmlCacheBehavior [ RunTime:0.000467s ]
INFO: [ app_begin ] --END-- [ RunTime:0.000501s ]
ERR: Class 'Home\Weixin' not found

[ 2017-10-09T16:41:41+08:00 ] ::1 /pay/index.php/Home/Index/makeOrder
INFO: [ app_init ] --START--
INFO: Run Behavior\BuildLiteBehavior [ RunTime:0.000017s ]
INFO: [ app_init ] --END-- [ RunTime:0.000444s ]
INFO: [ app_begin ] --START--
INFO: Run Behavior\ReadHtmlCacheBehavior [ RunTime:0.000713s ]
INFO: [ app_begin ] --END-- [ RunTime:0.000778s ]
ERR: Class 'Home\Weixin' not found

[ 2017-10-09T16:41:41+08:00 ] ::1 /pay/index.php/Home/Index/makeOrder
INFO: [ app_init ] --START--
INFO: Run Behavior\BuildLiteBehavior [ RunTime:0.000015s ]
INFO: [ app_init ] --END-- [ RunTime:0.000515s ]
INFO: [ app_begin ] --START--
INFO: Run Behavior\ReadHtmlCacheBehavior [ RunTime:0.000437s ]
INFO: [ app_begin ] --END-- [ RunTime:0.000469s ]
ERR: Class 'Home\Weixin' not found

[ 2017-10-09T16:41:42+08:00 ] ::1 /pay/index.php/Home/Index/makeOrder
INFO: [ app_init ] --START--
INFO: Run Behavior\BuildLiteBehavior [ RunTime:0.000020s ]
INFO: [ app_init ] --END-- [ RunTime:0.000587s ]
INFO: [ app_begin ] --START--
INFO: Run Behavior\ReadHtmlCacheBehavior [ RunTime:0.001070s ]
INFO: [ app_begin ] --END-- [ RunTime:0.001204s ]
ERR: Class 'Home\Weixin' not found

[ 2017-10-09T16:42:51+08:00 ] ::1 /pay/index.php/Home/Index/makeOrder
INFO: [ app_init ] --START--
INFO: Run Behavior\BuildLiteBehavior [ RunTime:0.000047s ]
INFO: [ app_init ] --END-- [ RunTime:0.000797s ]
INFO: [ app_begin ] --START--
INFO: Run Behavior\ReadHtmlCacheBehavior [ RunTime:0.001309s ]
INFO: [ app_begin ] --END-- [ RunTime:0.001374s ]
ERR: Class 'Home\Weixin' not found

[ 2017-10-09T16:42:57+08:00 ] ::1 /pay/index.php/Home/Index/makeOrder
INFO: [ app_init ] --START--
INFO: Run Behavior\BuildLiteBehavior [ RunTime:0.000025s ]
INFO: [ app_init ] --END-- [ RunTime:0.001459s ]
INFO: [ app_begin ] --START--
INFO: Run Behavior\ReadHtmlCacheBehavior [ RunTime:0.001331s ]
INFO: [ app_begin ] --END-- [ RunTime:0.001441s ]
NOTIC: [8] Undefined variable: wechatAppPay /Applications/MAMP/htdocs/pay/Application/Home/Controller/IndexController.class.php 第 35 行.
ERR: Call to a member function unifiedOrder() on null

[ 2017-10-09T16:43:01+08:00 ] ::1 /pay/index.php/Home/Index/index
INFO: [ app_init ] --START--
INFO: Run Behavior\BuildLiteBehavior [ RunTime:0.000019s ]
INFO: [ app_init ] --END-- [ RunTime:0.000638s ]
INFO: [ app_begin ] --START--
INFO: Run Behavior\ReadHtmlCacheBehavior [ RunTime:0.001976s ]
INFO: [ app_begin ] --END-- [ RunTime:0.002060s ]
INFO: [ view_parse ] --START--
INFO: [ template_filter ] --START--
INFO: Run Behavior\ContentReplaceBehavior [ RunTime:0.000061s ]
INFO: [ template_filter ] --END-- [ RunTime:0.000186s ]
INFO: Run Behavior\ParseTemplateBehavior [ RunTime:0.017295s ]
INFO: [ view_parse ] --END-- [ RunTime:0.017377s ]
INFO: [ view_filter ] --START--
INFO: Run Behavior\WriteHtmlCacheBehavior [ RunTime:0.001068s ]
INFO: [ view_filter ] --END-- [ RunTime:0.001310s ]
INFO: [ app_end ] --START--
INFO: Run Behavior\ShowPageTraceBehavior [ RunTime:0.001946s ]
INFO: [ app_end ] --END-- [ RunTime:0.002000s ]

[ 2017-10-09T16:43:01+08:00 ] ::1 /pay/index.php/Home/Index/makeOrder
INFO: [ app_init ] --START--
INFO: Run Behavior\BuildLiteBehavior [ RunTime:0.000013s ]
INFO: [ app_init ] --END-- [ RunTime:0.000324s ]
INFO: [ app_begin ] --START--
INFO: Run Behavior\ReadHtmlCacheBehavior [ RunTime:0.000522s ]
INFO: [ app_begin ] --END-- [ RunTime:0.000560s ]
NOTIC: [8] Undefined variable: wechatAppPay /Applications/MAMP/htdocs/pay/Application/Home/Controller/IndexController.class.php 第 35 行.
ERR: Call to a member function unifiedOrder() on null

[ 2017-10-09T16:43:48+08:00 ] ::1 /pay/index.php/Home/Index/makeOrder
INFO: [ app_init ] --START--
INFO: Run Behavior\BuildLiteBehavior [ RunTime:0.000025s ]
INFO: [ app_init ] --END-- [ RunTime:0.000880s ]
INFO: [ app_begin ] --START--
INFO: Run Behavior\ReadHtmlCacheBehavior [ RunTime:0.000667s ]
INFO: [ app_begin ] --END-- [ RunTime:0.000727s ]
ERR: Class 'wechatAppPay' not found

[ 2017-10-09T16:43:49+08:00 ] ::1 /pay/index.php/Home/Index/makeOrder
INFO: [ app_init ] --START--
INFO: Run Behavior\BuildLiteBehavior [ RunTime:0.000012s ]
INFO: [ app_init ] --END-- [ RunTime:0.000324s ]
INFO: [ app_begin ] --START--
INFO: Run Behavior\ReadHtmlCacheBehavior [ RunTime:0.000433s ]
INFO: [ app_begin ] --END-- [ RunTime:0.000466s ]
ERR: Class 'wechatAppPay' not found

[ 2017-10-09T16:43:49+08:00 ] ::1 /pay/index.php/Home/Index/makeOrder
INFO: [ app_init ] --START--
INFO: Run Behavior\BuildLiteBehavior [ RunTime:0.000017s ]
INFO: [ app_init ] --END-- [ RunTime:0.000417s ]
INFO: [ app_begin ] --START--
INFO: Run Behavior\ReadHtmlCacheBehavior [ RunTime:0.000633s ]
INFO: [ app_begin ] --END-- [ RunTime:0.000685s ]
ERR: Class 'wechatAppPay' not found

[ 2017-10-09T16:43:54+08:00 ] ::1 /pay/index.php/Home/Index/makeOrder
INFO: [ app_init ] --START--
INFO: Run Behavior\BuildLiteBehavior [ RunTime:0.000016s ]
INFO: [ app_init ] --END-- [ RunTime:0.000438s ]
INFO: [ app_begin ] --START--
INFO: Run Behavior\ReadHtmlCacheBehavior [ RunTime:0.000930s ]
INFO: [ app_begin ] --END-- [ RunTime:0.000995s ]
ERR: Class 'Weixin' not found

[ 2017-10-09T16:43:55+08:00 ] ::1 /pay/index.php/Home/Index/makeOrder
INFO: [ app_init ] --START--
INFO: Run Behavior\BuildLiteBehavior [ RunTime:0.000013s ]
INFO: [ app_init ] --END-- [ RunTime:0.000468s ]
INFO: [ app_begin ] --START--
INFO: Run Behavior\ReadHtmlCacheBehavior [ RunTime:0.000574s ]
INFO: [ app_begin ] --END-- [ RunTime:0.000612s ]
ERR: Class 'Weixin' not found

[ 2017-10-09T16:44:01+08:00 ] ::1 /pay/index.php/Home/Index/makeOrder
INFO: [ app_init ] --START--
INFO: Run Behavior\BuildLiteBehavior [ RunTime:0.000031s ]
INFO: [ app_init ] --END-- [ RunTime:0.000632s ]
INFO: [ app_begin ] --START--
INFO: Run Behavior\ReadHtmlCacheBehavior [ RunTime:0.001730s ]
INFO: [ app_begin ] --END-- [ RunTime:0.001871s ]
ERR: Class 'weixin' not found

[ 2017-10-09T16:47:06+08:00 ] ::1 /pay/index.php/Home/Index/makeOrder
INFO: [ app_init ] --START--
INFO: Run Behavior\BuildLiteBehavior [ RunTime:0.000021s ]
INFO: [ app_init ] --END-- [ RunTime:0.000692s ]
INFO: [ app_begin ] --START--
INFO: Run Behavior\ReadHtmlCacheBehavior [ RunTime:0.002221s ]
INFO: [ app_begin ] --END-- [ RunTime:0.002328s ]
ERR: syntax error, unexpected '$params' (T_VARIABLE)

[ 2017-10-09T16:48:47+08:00 ] ::1 /pay/index.php/Home/Index/makeOrder
INFO: [ app_init ] --START--
INFO: Run Behavior\BuildLiteBehavior [ RunTime:0.000016s ]
INFO: [ app_init ] --END-- [ RunTime:0.000537s ]
INFO: [ app_begin ] --START--
INFO: Run Behavior\ReadHtmlCacheBehavior [ RunTime:0.000842s ]
INFO: [ app_begin ] --END-- [ RunTime:0.000923s ]
ERR: syntax error, unexpected '$params' (T_VARIABLE)

[ 2017-10-09T16:48:48+08:00 ] ::1 /pay/index.php/Home/Index/makeOrder
INFO: [ app_init ] --START--
INFO: Run Behavior\BuildLiteBehavior [ RunTime:0.000013s ]
INFO: [ app_init ] --END-- [ RunTime:0.000378s ]
INFO: [ app_begin ] --START--
INFO: Run Behavior\ReadHtmlCacheBehavior [ RunTime:0.000720s ]
INFO: [ app_begin ] --END-- [ RunTime:0.000795s ]
ERR: syntax error, unexpected '$params' (T_VARIABLE)

[ 2017-10-09T16:48:48+08:00 ] ::1 /pay/index.php/Home/Index/makeOrder
INFO: [ app_init ] --START--
INFO: Run Behavior\BuildLiteBehavior [ RunTime:0.000013s ]
INFO: [ app_init ] --END-- [ RunTime:0.000334s ]
INFO: [ app_begin ] --START--
INFO: Run Behavior\ReadHtmlCacheBehavior [ RunTime:0.000439s ]
INFO: [ app_begin ] --END-- [ RunTime:0.000471s ]
ERR: syntax error, unexpected '$params' (T_VARIABLE)

[ 2017-10-09T16:48:49+08:00 ] ::1 /pay/index.php/Home/Index/makeOrder
INFO: [ app_init ] --START--
INFO: Run Behavior\BuildLiteBehavior [ RunTime:0.000014s ]
INFO: [ app_init ] --END-- [ RunTime:0.000448s ]
INFO: [ app_begin ] --START--
INFO: Run Behavior\ReadHtmlCacheBehavior [ RunTime:0.000796s ]
INFO: [ app_begin ] --END-- [ RunTime:0.000857s ]
ERR: syntax error, unexpected '$params' (T_VARIABLE)

[ 2017-10-09T16:48:49+08:00 ] ::1 /pay/index.php/Home/Index/makeOrder
INFO: [ app_init ] --START--
INFO: Run Behavior\BuildLiteBehavior [ RunTime:0.000016s ]
INFO: [ app_init ] --END-- [ RunTime:0.000513s ]
INFO: [ app_begin ] --START--
INFO: Run Behavior\ReadHtmlCacheBehavior [ RunTime:0.000855s ]
INFO: [ app_begin ] --END-- [ RunTime:0.000920s ]
ERR: syntax error, unexpected '$params' (T_VARIABLE)

[ 2017-10-09T16:48:54+08:00 ] ::1 /pay/index.php/Home/Index/makeOrder
INFO: [ app_init ] --START--
INFO: Run Behavior\BuildLiteBehavior [ RunTime:0.000014s ]
INFO: [ app_init ] --END-- [ RunTime:0.000428s ]
INFO: [ app_begin ] --START--
INFO: Run Behavior\ReadHtmlCacheBehavior [ RunTime:0.000696s ]
INFO: [ app_begin ] --END-- [ RunTime:0.000782s ]
ERR: Too few arguments to function Home\Controller\WeixinController::__construct(), 0 passed in /Applications/MAMP/htdocs/pay/ThinkPHP/Common/functions.php on line 703 and exactly 4 expected

[ 2017-10-09T16:48:55+08:00 ] ::1 /pay/index.php/Home/Index/makeOrder
INFO: [ app_init ] --START--
INFO: Run Behavior\BuildLiteBehavior [ RunTime:0.000046s ]
INFO: [ app_init ] --END-- [ RunTime:0.000710s ]
INFO: [ app_begin ] --START--
INFO: Run Behavior\ReadHtmlCacheBehavior [ RunTime:0.000902s ]
INFO: [ app_begin ] --END-- [ RunTime:0.000961s ]
ERR: Too few arguments to function Home\Controller\WeixinController::__construct(), 0 passed in /Applications/MAMP/htdocs/pay/ThinkPHP/Common/functions.php on line 703 and exactly 4 expected

[ 2017-10-09T16:48:56+08:00 ] ::1 /pay/index.php/Home/Index/makeOrder
INFO: [ app_init ] --START--
INFO: Run Behavior\BuildLiteBehavior [ RunTime:0.000012s ]
INFO: [ app_init ] --END-- [ RunTime:0.000328s ]
INFO: [ app_begin ] --START--
INFO: Run Behavior\ReadHtmlCacheBehavior [ RunTime:0.000473s ]
INFO: [ app_begin ] --END-- [ RunTime:0.000510s ]
ERR: Too few arguments to function Home\Controller\WeixinController::__construct(), 0 passed in /Applications/MAMP/htdocs/pay/ThinkPHP/Common/functions.php on line 703 and exactly 4 expected

[ 2017-10-09T16:48:56+08:00 ] ::1 /pay/index.php/Home/Index/makeOrder
INFO: [ app_init ] --START--
INFO: Run Behavior\BuildLiteBehavior [ RunTime:0.000024s ]
INFO: [ app_init ] --END-- [ RunTime:0.000708s ]
INFO: [ app_begin ] --START--
INFO: Run Behavior\ReadHtmlCacheBehavior [ RunTime:0.001035s ]
INFO: [ app_begin ] --END-- [ RunTime:0.001110s ]
ERR: Too few arguments to function Home\Controller\WeixinController::__construct(), 0 passed in /Applications/MAMP/htdocs/pay/ThinkPHP/Common/functions.php on line 703 and exactly 4 expected

[ 2017-10-09T16:51:01+08:00 ] ::1 /pay/index.php/Home/Index/makeOrder
INFO: [ app_init ] --START--
INFO: Run Behavior\BuildLiteBehavior [ RunTime:0.000027s ]
INFO: [ app_init ] --END-- [ RunTime:0.000684s ]
INFO: [ app_begin ] --START--
INFO: Run Behavior\ReadHtmlCacheBehavior [ RunTime:0.000877s ]
INFO: [ app_begin ] --END-- [ RunTime:0.000943s ]
NOTIC: [8] Array to string conversion /Applications/MAMP/htdocs/pay/ThinkPHP/Common/functions.php 第 698 行.
NOTIC: [8] Array to string conversion /Applications/MAMP/htdocs/pay/ThinkPHP/Common/functions.php 第 649 行.
NOTIC: [8] Array to string conversion /Applications/MAMP/htdocs/pay/ThinkPHP/Common/functions.php 第 658 行.

[ 2017-10-09T16:51:43+08:00 ] ::1 /pay/index.php/Home/Index/makeOrder
INFO: [ app_init ] --START--
INFO: Run Behavior\BuildLiteBehavior [ RunTime:0.000018s ]
INFO: [ app_init ] --END-- [ RunTime:0.000558s ]
INFO: [ app_begin ] --START--
INFO: Run Behavior\ReadHtmlCacheBehavior [ RunTime:0.000556s ]
INFO: [ app_begin ] --END-- [ RunTime:0.000600s ]
NOTIC: [8] Array to string conversion /Applications/MAMP/htdocs/pay/ThinkPHP/Common/functions.php 第 698 行.
NOTIC: [8] Array to string conversion /Applications/MAMP/htdocs/pay/ThinkPHP/Common/functions.php 第 649 行.
NOTIC: [8] Array to string conversion /Applications/MAMP/htdocs/pay/ThinkPHP/Common/functions.php 第 658 行.
ERR: Call to a member function unifiedOrder() on boolean

[ 2017-10-09T16:52:23+08:00 ] ::1 /pay/index.php/Home/Index/makeOrder
INFO: [ app_init ] --START--
INFO: Run Behavior\BuildLiteBehavior [ RunTime:0.000018s ]
INFO: [ app_init ] --END-- [ RunTime:0.000482s ]
INFO: [ app_begin ] --START--
INFO: Run Behavior\ReadHtmlCacheBehavior [ RunTime:0.001321s ]
INFO: [ app_begin ] --END-- [ RunTime:0.001395s ]
NOTIC: [8] Array to string conversion /Applications/MAMP/htdocs/pay/ThinkPHP/Common/functions.php 第 698 行.
NOTIC: [8] Array to string conversion /Applications/MAMP/htdocs/pay/ThinkPHP/Common/functions.php 第 649 行.
NOTIC: [8] Array to string conversion /Applications/MAMP/htdocs/pay/ThinkPHP/Common/functions.php 第 658 行.
NOTIC: [8] Array to string conversion /Applications/MAMP/htdocs/pay/ThinkPHP/Common/functions.php 第 698 行.
NOTIC: [8] Array to string conversion /Applications/MAMP/htdocs/pay/ThinkPHP/Common/functions.php 第 649 行.
NOTIC: [8] Array to string conversion /Applications/MAMP/htdocs/pay/ThinkPHP/Common/functions.php 第 658 行.
ERR: Call to a member function unifiedOrder() on boolean

[ 2017-10-09T16:52:26+08:00 ] ::1 /pay/index.php/Home/Index/makeOrder
INFO: [ app_init ] --START--
INFO: Run Behavior\BuildLiteBehavior [ RunTime:0.000020s ]
INFO: [ app_init ] --END-- [ RunTime:0.000596s ]
INFO: [ app_begin ] --START--
INFO: Run Behavior\ReadHtmlCacheBehavior [ RunTime:0.000788s ]
INFO: [ app_begin ] --END-- [ RunTime:0.000896s ]
NOTIC: [8] Array to string conversion /Applications/MAMP/htdocs/pay/ThinkPHP/Common/functions.php 第 698 行.
NOTIC: [8] Array to string conversion /Applications/MAMP/htdocs/pay/ThinkPHP/Common/functions.php 第 649 行.
NOTIC: [8] Array to string conversion /Applications/MAMP/htdocs/pay/ThinkPHP/Common/functions.php 第 658 行.
NOTIC: [8] Array to string conversion /Applications/MAMP/htdocs/pay/ThinkPHP/Common/functions.php 第 698 行.
NOTIC: [8] Array to string conversion /Applications/MAMP/htdocs/pay/ThinkPHP/Common/functions.php 第 649 行.
NOTIC: [8] Array to string conversion /Applications/MAMP/htdocs/pay/ThinkPHP/Common/functions.php 第 658 行.
ERR: Call to a member function unifiedOrder() on boolean

[ 2017-10-09T16:52:27+08:00 ] ::1 /pay/index.php/Home/Index/makeOrder
INFO: [ app_init ] --START--
INFO: Run Behavior\BuildLiteBehavior [ RunTime:0.000014s ]
INFO: [ app_init ] --END-- [ RunTime:0.000506s ]
INFO: [ app_begin ] --START--
INFO: Run Behavior\ReadHtmlCacheBehavior [ RunTime:0.000736s ]
INFO: [ app_begin ] --END-- [ RunTime:0.000789s ]
NOTIC: [8] Array to string conversion /Applications/MAMP/htdocs/pay/ThinkPHP/Common/functions.php 第 698 行.
NOTIC: [8] Array to string conversion /Applications/MAMP/htdocs/pay/ThinkPHP/Common/functions.php 第 649 行.
NOTIC: [8] Array to string conversion /Applications/MAMP/htdocs/pay/ThinkPHP/Common/functions.php 第 658 行.
NOTIC: [8] Array to string conversion /Applications/MAMP/htdocs/pay/ThinkPHP/Common/functions.php 第 698 行.
NOTIC: [8] Array to string conversion /Applications/MAMP/htdocs/pay/ThinkPHP/Common/functions.php 第 649 行.
NOTIC: [8] Array to string conversion /Applications/MAMP/htdocs/pay/ThinkPHP/Common/functions.php 第 658 行.
ERR: Call to a member function unifiedOrder() on boolean

[ 2017-10-09T16:52:27+08:00 ] ::1 /pay/index.php/Home/Index/makeOrder
INFO: [ app_init ] --START--
INFO: Run Behavior\BuildLiteBehavior [ RunTime:0.000014s ]
INFO: [ app_init ] --END-- [ RunTime:0.000422s ]
INFO: [ app_begin ] --START--
INFO: Run Behavior\ReadHtmlCacheBehavior [ RunTime:0.000674s ]
INFO: [ app_begin ] --END-- [ RunTime:0.000733s ]
NOTIC: [8] Array to string conversion /Applications/MAMP/htdocs/pay/ThinkPHP/Common/functions.php 第 698 行.
NOTIC: [8] Array to string conversion /Applications/MAMP/htdocs/pay/ThinkPHP/Common/functions.php 第 649 行.
NOTIC: [8] Array to string conversion /Applications/MAMP/htdocs/pay/ThinkPHP/Common/functions.php 第 658 行.
NOTIC: [8] Array to string conversion /Applications/MAMP/htdocs/pay/ThinkPHP/Common/functions.php 第 698 行.
NOTIC: [8] Array to string conversion /Applications/MAMP/htdocs/pay/ThinkPHP/Common/functions.php 第 649 行.
NOTIC: [8] Array to string conversion /Applications/MAMP/htdocs/pay/ThinkPHP/Common/functions.php 第 658 行.
ERR: Call to a member function unifiedOrder() on boolean

[ 2017-10-09T16:52:27+08:00 ] ::1 /pay/index.php/Home/Index/makeOrder
INFO: [ app_init ] --START--
INFO: Run Behavior\BuildLiteBehavior [ RunTime:0.000043s ]
INFO: [ app_init ] --END-- [ RunTime:0.000809s ]
INFO: [ app_begin ] --START--
INFO: Run Behavior\ReadHtmlCacheBehavior [ RunTime:0.000645s ]
INFO: [ app_begin ] --END-- [ RunTime:0.000703s ]
NOTIC: [8] Array to string conversion /Applications/MAMP/htdocs/pay/ThinkPHP/Common/functions.php 第 698 行.
NOTIC: [8] Array to string conversion /Applications/MAMP/htdocs/pay/ThinkPHP/Common/functions.php 第 649 行.
NOTIC: [8] Array to string conversion /Applications/MAMP/htdocs/pay/ThinkPHP/Common/functions.php 第 658 行.
NOTIC: [8] Array to string conversion /Applications/MAMP/htdocs/pay/ThinkPHP/Common/functions.php 第 698 行.
NOTIC: [8] Array to string conversion /Applications/MAMP/htdocs/pay/ThinkPHP/Common/functions.php 第 649 行.
NOTIC: [8] Array to string conversion /Applications/MAMP/htdocs/pay/ThinkPHP/Common/functions.php 第 658 行.
ERR: Call to a member function unifiedOrder() on boolean

[ 2017-10-09T16:52:27+08:00 ] ::1 /pay/index.php/Home/Index/makeOrder
INFO: [ app_init ] --START--
INFO: Run Behavior\BuildLiteBehavior [ RunTime:0.000023s ]
INFO: [ app_init ] --END-- [ RunTime:0.000631s ]
INFO: [ app_begin ] --START--
INFO: Run Behavior\ReadHtmlCacheBehavior [ RunTime:0.000995s ]
INFO: [ app_begin ] --END-- [ RunTime:0.001108s ]
NOTIC: [8] Array to string conversion /Applications/MAMP/htdocs/pay/ThinkPHP/Common/functions.php 第 698 行.
NOTIC: [8] Array to string conversion /Applications/MAMP/htdocs/pay/ThinkPHP/Common/functions.php 第 649 行.
NOTIC: [8] Array to string conversion /Applications/MAMP/htdocs/pay/ThinkPHP/Common/functions.php 第 658 行.
NOTIC: [8] Array to string conversion /Applications/MAMP/htdocs/pay/ThinkPHP/Common/functions.php 第 698 行.
NOTIC: [8] Array to string conversion /Applications/MAMP/htdocs/pay/ThinkPHP/Common/functions.php 第 649 行.
NOTIC: [8] Array to string conversion /Applications/MAMP/htdocs/pay/ThinkPHP/Common/functions.php 第 658 行.
ERR: Call to a member function unifiedOrder() on boolean

[ 2017-10-09T18:24:56+08:00 ] ::1 /pay/index.php/Home/Index/makeOrder
INFO: [ app_init ] --START--
INFO: Run Behavior\BuildLiteBehavior [ RunTime:0.000016s ]
INFO: [ app_init ] --END-- [ RunTime:0.000715s ]
INFO: [ app_begin ] --START--
INFO: Run Behavior\ReadHtmlCacheBehavior [ RunTime:0.000789s ]
INFO: [ app_begin ] --END-- [ RunTime:0.000831s ]
NOTIC: [8] Array to string conversion /Applications/MAMP/htdocs/pay/ThinkPHP/Common/functions.php 第 698 行.
NOTIC: [8] Array to string conversion /Applications/MAMP/htdocs/pay/ThinkPHP/Common/functions.php 第 649 行.
NOTIC: [8] Array to string conversion /Applications/MAMP/htdocs/pay/ThinkPHP/Common/functions.php 第 658 行.
NOTIC: [8] Array to string conversion /Applications/MAMP/htdocs/pay/ThinkPHP/Common/functions.php 第 698 行.
NOTIC: [8] Array to string conversion /Applications/MAMP/htdocs/pay/ThinkPHP/Common/functions.php 第 649 行.
NOTIC: [8] Array to string conversion /Applications/MAMP/htdocs/pay/ThinkPHP/Common/functions.php 第 658 行.
ERR: Call to a member function unifiedOrder() on boolean

[ 2017-10-09T18:24:56+08:00 ] ::1 /pay/index.php/Home/Index/makeOrder
INFO: [ app_init ] --START--
INFO: Run Behavior\BuildLiteBehavior [ RunTime:0.000021s ]
INFO: [ app_init ] --END-- [ RunTime:0.000397s ]
INFO: [ app_begin ] --START--
INFO: Run Behavior\ReadHtmlCacheBehavior [ RunTime:0.000933s ]
INFO: [ app_begin ] --END-- [ RunTime:0.001031s ]
NOTIC: [8] Array to string conversion /Applications/MAMP/htdocs/pay/ThinkPHP/Common/functions.php 第 698 行.
NOTIC: [8] Array to string conversion /Applications/MAMP/htdocs/pay/ThinkPHP/Common/functions.php 第 649 行.
NOTIC: [8] Array to string conversion /Applications/MAMP/htdocs/pay/ThinkPHP/Common/functions.php 第 658 行.
NOTIC: [8] Array to string conversion /Applications/MAMP/htdocs/pay/ThinkPHP/Common/functions.php 第 698 行.
NOTIC: [8] Array to string conversion /Applications/MAMP/htdocs/pay/ThinkPHP/Common/functions.php 第 649 行.
NOTIC: [8] Array to string conversion /Applications/MAMP/htdocs/pay/ThinkPHP/Common/functions.php 第 658 行.
ERR: Call to a member function unifiedOrder() on boolean

[ 2017-10-09T18:24:57+08:00 ] ::1 /pay/index.php/Home/Index/makeOrder
INFO: [ app_init ] --START--
INFO: Run Behavior\BuildLiteBehavior [ RunTime:0.000014s ]
INFO: [ app_init ] --END-- [ RunTime:0.000353s ]
INFO: [ app_begin ] --START--
INFO: Run Behavior\ReadHtmlCacheBehavior [ RunTime:0.000846s ]
INFO: [ app_begin ] --END-- [ RunTime:0.000926s ]
NOTIC: [8] Array to string conversion /Applications/MAMP/htdocs/pay/ThinkPHP/Common/functions.php 第 698 行.
NOTIC: [8] Array to string conversion /Applications/MAMP/htdocs/pay/ThinkPHP/Common/functions.php 第 649 行.
NOTIC: [8] Array to string conversion /Applications/MAMP/htdocs/pay/ThinkPHP/Common/functions.php 第 658 行.
NOTIC: [8] Array to string conversion /Applications/MAMP/htdocs/pay/ThinkPHP/Common/functions.php 第 698 行.
NOTIC: [8] Array to string conversion /Applications/MAMP/htdocs/pay/ThinkPHP/Common/functions.php 第 649 行.
NOTIC: [8] Array to string conversion /Applications/MAMP/htdocs/pay/ThinkPHP/Common/functions.php 第 658 行.
ERR: Call to a member function unifiedOrder() on boolean

[ 2017-10-09T18:24:58+08:00 ] ::1 /pay/index.php/Home/Index/makeOrder
INFO: [ app_init ] --START--
INFO: Run Behavior\BuildLiteBehavior [ RunTime:0.000014s ]
INFO: [ app_init ] --END-- [ RunTime:0.000386s ]
INFO: [ app_begin ] --START--
INFO: Run Behavior\ReadHtmlCacheBehavior [ RunTime:0.000486s ]
INFO: [ app_begin ] --END-- [ RunTime:0.000574s ]
NOTIC: [8] Array to string conversion /Applications/MAMP/htdocs/pay/ThinkPHP/Common/functions.php 第 698 行.
NOTIC: [8] Array to string conversion /Applications/MAMP/htdocs/pay/ThinkPHP/Common/functions.php 第 649 行.
NOTIC: [8] Array to string conversion /Applications/MAMP/htdocs/pay/ThinkPHP/Common/functions.php 第 658 行.
NOTIC: [8] Array to string conversion /Applications/MAMP/htdocs/pay/ThinkPHP/Common/functions.php 第 698 行.
NOTIC: [8] Array to string conversion /Applications/MAMP/htdocs/pay/ThinkPHP/Common/functions.php 第 649 行.
NOTIC: [8] Array to string conversion /Applications/MAMP/htdocs/pay/ThinkPHP/Common/functions.php 第 658 行.
ERR: Call to a member function unifiedOrder() on boolean

[ 2017-10-09T18:24:58+08:00 ] ::1 /pay/index.php/Home/Index/makeOrder
INFO: [ app_init ] --START--
INFO: Run Behavior\BuildLiteBehavior [ RunTime:0.000011s ]
INFO: [ app_init ] --END-- [ RunTime:0.000271s ]
INFO: [ app_begin ] --START--
INFO: Run Behavior\ReadHtmlCacheBehavior [ RunTime:0.000360s ]
INFO: [ app_begin ] --END-- [ RunTime:0.000387s ]
NOTIC: [8] Array to string conversion /Applications/MAMP/htdocs/pay/ThinkPHP/Common/functions.php 第 698 行.
NOTIC: [8] Array to string conversion /Applications/MAMP/htdocs/pay/ThinkPHP/Common/functions.php 第 649 行.
NOTIC: [8] Array to string conversion /Applications/MAMP/htdocs/pay/ThinkPHP/Common/functions.php 第 658 行.
NOTIC: [8] Array to string conversion /Applications/MAMP/htdocs/pay/ThinkPHP/Common/functions.php 第 698 行.
NOTIC: [8] Array to string conversion /Applications/MAMP/htdocs/pay/ThinkPHP/Common/functions.php 第 649 行.
NOTIC: [8] Array to string conversion /Applications/MAMP/htdocs/pay/ThinkPHP/Common/functions.php 第 658 行.
ERR: Call to a member function unifiedOrder() on boolean

[ 2017-10-09T18:24:58+08:00 ] ::1 /pay/index.php/Home/Index/makeOrder
INFO: [ app_init ] --START--
INFO: Run Behavior\BuildLiteBehavior [ RunTime:0.000014s ]
INFO: [ app_init ] --END-- [ RunTime:0.000321s ]
INFO: [ app_begin ] --START--
INFO: Run Behavior\ReadHtmlCacheBehavior [ RunTime:0.000438s ]
INFO: [ app_begin ] --END-- [ RunTime:0.000471s ]
NOTIC: [8] Array to string conversion /Applications/MAMP/htdocs/pay/ThinkPHP/Common/functions.php 第 698 行.
NOTIC: [8] Array to string conversion /Applications/MAMP/htdocs/pay/ThinkPHP/Common/functions.php 第 649 行.
NOTIC: [8] Array to string conversion /Applications/MAMP/htdocs/pay/ThinkPHP/Common/functions.php 第 658 行.
NOTIC: [8] Array to string conversion /Applications/MAMP/htdocs/pay/ThinkPHP/Common/functions.php 第 698 行.
NOTIC: [8] Array to string conversion /Applications/MAMP/htdocs/pay/ThinkPHP/Common/functions.php 第 649 行.
NOTIC: [8] Array to string conversion /Applications/MAMP/htdocs/pay/ThinkPHP/Common/functions.php 第 658 行.
ERR: Call to a member function unifiedOrder() on boolean

[ 2017-10-09T18:24:59+08:00 ] ::1 /pay/index.php/Home/Index/makeOrder
INFO: [ app_init ] --START--
INFO: Run Behavior\BuildLiteBehavior [ RunTime:0.000011s ]
INFO: [ app_init ] --END-- [ RunTime:0.000311s ]
INFO: [ app_begin ] --START--
INFO: Run Behavior\ReadHtmlCacheBehavior [ RunTime:0.000421s ]
INFO: [ app_begin ] --END-- [ RunTime:0.000451s ]
NOTIC: [8] Array to string conversion /Applications/MAMP/htdocs/pay/ThinkPHP/Common/functions.php 第 698 行.
NOTIC: [8] Array to string conversion /Applications/MAMP/htdocs/pay/ThinkPHP/Common/functions.php 第 649 行.
NOTIC: [8] Array to string conversion /Applications/MAMP/htdocs/pay/ThinkPHP/Common/functions.php 第 658 行.
NOTIC: [8] Array to string conversion /Applications/MAMP/htdocs/pay/ThinkPHP/Common/functions.php 第 698 行.
NOTIC: [8] Array to string conversion /Applications/MAMP/htdocs/pay/ThinkPHP/Common/functions.php 第 649 行.
NOTIC: [8] Array to string conversion /Applications/MAMP/htdocs/pay/ThinkPHP/Common/functions.php 第 658 行.
ERR: Call to a member function unifiedOrder() on boolean

[ 2017-10-09T18:24:59+08:00 ] ::1 /pay/index.php/Home/Index/makeOrder
INFO: [ app_init ] --START--
INFO: Run Behavior\BuildLiteBehavior [ RunTime:0.000012s ]
INFO: [ app_init ] --END-- [ RunTime:0.000336s ]
INFO: [ app_begin ] --START--
INFO: Run Behavior\ReadHtmlCacheBehavior [ RunTime:0.000396s ]
INFO: [ app_begin ] --END-- [ RunTime:0.000427s ]
NOTIC: [8] Array to string conversion /Applications/MAMP/htdocs/pay/ThinkPHP/Common/functions.php 第 698 行.
NOTIC: [8] Array to string conversion /Applications/MAMP/htdocs/pay/ThinkPHP/Common/functions.php 第 649 行.
NOTIC: [8] Array to string conversion /Applications/MAMP/htdocs/pay/ThinkPHP/Common/functions.php 第 658 行.
NOTIC: [8] Array to string conversion /Applications/MAMP/htdocs/pay/ThinkPHP/Common/functions.php 第 698 行.
NOTIC: [8] Array to string conversion /Applications/MAMP/htdocs/pay/ThinkPHP/Common/functions.php 第 649 行.
NOTIC: [8] Array to string conversion /Applications/MAMP/htdocs/pay/ThinkPHP/Common/functions.php 第 658 行.
ERR: Call to a member function unifiedOrder() on boolean

